<?xml version="1.0" encoding="UTF-8"?>
<testsuite xmlns:xsi="http://www.w3.org/2001/XMLSchema-instance" xsi:noNamespaceSchemaLocation="https://maven.apache.org/surefire/maven-surefire-plugin/xsd/surefire-test-report.xsd" version="3.0.2" name="SistemaTest" time="1.42" tests="5" errors="0" skipped="0" failures="0">
  <properties>
[...]
</properties>
  <testcase name="testLoginValido" classname="SistemaTest" time="0.467"/>
  <testcase name="testLoginInvalido" classname="SistemaTest" time="0.051"/>
  <testcase name="testLoginVazio" classname="SistemaTest" time="0.036"/>
  <testcase name="testAlterarStatus" classname="SistemaTest" time="0.065"/>
  <testcase name="testCadastrarTarefa" classname="SistemaTest" time="0.052"/>
</testsuite>